[debug] [2023-05-10T22:51:44.967Z] ----------------------------------------------------------------------
[debug] [2023-05-10T22:51:44.971Z] Command:       C:\Program Files\nodejs\node.exe C:\Program Files\nodejs\node_modules\firebase-tools\lib\bin\firebase.js deploy --only functions
[debug] [2023-05-10T22:51:44.972Z] CLI Version:   12.0.0
[debug] [2023-05-10T22:51:44.973Z] Platform:      win32
[debug] [2023-05-10T22:51:44.973Z] Node Version:  v16.13.0
[debug] [2023-05-10T22:51:44.991Z] Time:          Wed May 10 2023 23:51:44 GMT+0100 (British Summer Time)
[debug] [2023-05-10T22:51:44.991Z] ----------------------------------------------------------------------
[debug] 
[debug] [2023-05-10T22:51:45.108Z] > command requires scopes: ["email","openid","https://www.googleapis.com/auth/cloudplatformprojects.readonly","https://www.googleapis.com/auth/firebase","https://www.googleapis.com/auth/cloud-platform"]
[debug] [2023-05-10T22:51:45.110Z] > authorizing via signed-in user (timwells018@googlemail.com)
[debug] [2023-05-10T22:51:45.110Z] [iam] checking project mk-d-b59f2 for permissions ["cloudfunctions.functions.create","cloudfunctions.functions.delete","cloudfunctions.functions.get","cloudfunctions.functions.list","cloudfunctions.functions.update","cloudfunctions.operations.get","firebase.projects.get"]
[debug] [2023-05-10T22:51:45.116Z] >>> [apiv2][query] POST https://cloudresourcemanager.googleapis.com/v1/projects/mk-d-b59f2:testIamPermissions [none]
[debug] [2023-05-10T22:51:45.117Z] >>> [apiv2][(partial)header] POST https://cloudresourcemanager.googleapis.com/v1/projects/mk-d-b59f2:testIamPermissions x-goog-quota-user=projects/mk-d-b59f2
[debug] [2023-05-10T22:51:45.117Z] >>> [apiv2][body] POST https://cloudresourcemanager.googleapis.com/v1/projects/mk-d-b59f2:testIamPermissions {"permissions":["cloudfunctions.functions.create","cloudfunctions.functions.delete","cloudfunctions.functions.get","cloudfunctions.functions.list","cloudfunctions.functions.update","cloudfunctions.operations.get","firebase.projects.get"]}
[debug] [2023-05-10T22:51:45.904Z] <<< [apiv2][status] POST https://cloudresourcemanager.googleapis.com/v1/projects/mk-d-b59f2:testIamPermissions 200
[debug] [2023-05-10T22:51:45.904Z] <<< [apiv2][body] POST https://cloudresourcemanager.googleapis.com/v1/projects/mk-d-b59f2:testIamPermissions {"permissions":["cloudfunctions.functions.create","cloudfunctions.functions.delete","cloudfunctions.functions.get","cloudfunctions.functions.list","cloudfunctions.functions.update","cloudfunctions.operations.get","firebase.projects.get"]}
[debug] [2023-05-10T22:51:45.905Z] >>> [apiv2][query] POST https://iam.googleapis.com/v1/projects/mk-d-b59f2/serviceAccounts/mk-d-b59f2@appspot.gserviceaccount.com:testIamPermissions [none]
[debug] [2023-05-10T22:51:45.905Z] >>> [apiv2][body] POST https://iam.googleapis.com/v1/projects/mk-d-b59f2/serviceAccounts/mk-d-b59f2@appspot.gserviceaccount.com:testIamPermissions {"permissions":["iam.serviceAccounts.actAs"]}
[debug] [2023-05-10T22:51:46.533Z] <<< [apiv2][status] POST https://iam.googleapis.com/v1/projects/mk-d-b59f2/serviceAccounts/mk-d-b59f2@appspot.gserviceaccount.com:testIamPermissions 200
[debug] [2023-05-10T22:51:46.533Z] <<< [apiv2][body] POST https://iam.googleapis.com/v1/projects/mk-d-b59f2/serviceAccounts/mk-d-b59f2@appspot.gserviceaccount.com:testIamPermissions {"permissions":["iam.serviceAccounts.actAs"]}
[info] 
[info] === Deploying to 'mk-d-b59f2'...
[info] 
[info] i  deploying functions 
[debug] [2023-05-10T22:51:46.539Z] >>> [apiv2][query] GET https://firebase.googleapis.com/v1beta1/projects/mk-d-b59f2 [none]
[debug] [2023-05-10T22:51:46.853Z] <<< [apiv2][status] GET https://firebase.googleapis.com/v1beta1/projects/mk-d-b59f2 200
[debug] [2023-05-10T22:51:46.853Z] <<< [apiv2][body] GET https://firebase.googleapis.com/v1beta1/projects/mk-d-b59f2 {"projectId":"mk-d-b59f2","projectNumber":"6240069269","displayName":"mk-d-b59f2","name":"projects/mk-d-b59f2","resources":{"hostingSite":"mk-d-b59f2","realtimeDatabaseInstance":"mk-d-b59f2-default-rtdb","storageBucket":"mk-d-b59f2.appspot.com","locationId":"us-central"},"state":"ACTIVE","etag":"1_2e47cb8c-2d0e-4654-b341-76d51c761254"}
[info] i  functions: preparing codebase default for deployment 
[info] i  functions: ensuring required API cloudfunctions.googleapis.com is enabled... 
[info] i  functions: ensuring required API cloudbuild.googleapis.com is enabled... 
[info] i  artifactregistry: ensuring required API artifactregistry.googleapis.com is enabled... 
[debug] [2023-05-10T22:51:46.857Z] >>> [apiv2][query] GET https://serviceusage.googleapis.com/v1/projects/mk-d-b59f2/services/cloudfunctions.googleapis.com [none]
[debug] [2023-05-10T22:51:46.857Z] >>> [apiv2][(partial)header] GET https://serviceusage.googleapis.com/v1/projects/mk-d-b59f2/services/cloudfunctions.googleapis.com x-goog-quota-user=projects/mk-d-b59f2
[debug] [2023-05-10T22:51:46.859Z] >>> [apiv2][query] GET https://serviceusage.googleapis.com/v1/projects/mk-d-b59f2/services/runtimeconfig.googleapis.com [none]
[debug] [2023-05-10T22:51:46.859Z] >>> [apiv2][(partial)header] GET https://serviceusage.googleapis.com/v1/projects/mk-d-b59f2/services/runtimeconfig.googleapis.com x-goog-quota-user=projects/mk-d-b59f2
[debug] [2023-05-10T22:51:46.861Z] >>> [apiv2][query] GET https://serviceusage.googleapis.com/v1/projects/mk-d-b59f2/services/cloudbuild.googleapis.com [none]
[debug] [2023-05-10T22:51:46.861Z] >>> [apiv2][(partial)header] GET https://serviceusage.googleapis.com/v1/projects/mk-d-b59f2/services/cloudbuild.googleapis.com x-goog-quota-user=projects/mk-d-b59f2
[debug] [2023-05-10T22:51:46.864Z] >>> [apiv2][query] GET https://serviceusage.googleapis.com/v1/projects/mk-d-b59f2/services/artifactregistry.googleapis.com [none]
[debug] [2023-05-10T22:51:46.864Z] >>> [apiv2][(partial)header] GET https://serviceusage.googleapis.com/v1/projects/mk-d-b59f2/services/artifactregistry.googleapis.com x-goog-quota-user=projects/mk-d-b59f2
[debug] [2023-05-10T22:51:47.752Z] <<< [apiv2][status] GET https://serviceusage.googleapis.com/v1/projects/mk-d-b59f2/services/runtimeconfig.googleapis.com 200
[debug] [2023-05-10T22:51:47.752Z] <<< [apiv2][body] GET https://serviceusage.googleapis.com/v1/projects/mk-d-b59f2/services/runtimeconfig.googleapis.com [omitted]
[debug] [2023-05-10T22:51:47.753Z] <<< [apiv2][status] GET https://serviceusage.googleapis.com/v1/projects/mk-d-b59f2/services/cloudbuild.googleapis.com 200
[debug] [2023-05-10T22:51:47.753Z] <<< [apiv2][body] GET https://serviceusage.googleapis.com/v1/projects/mk-d-b59f2/services/cloudbuild.googleapis.com [omitted]
[info] +  functions: required API cloudbuild.googleapis.com is enabled 
[debug] [2023-05-10T22:51:47.802Z] <<< [apiv2][status] GET https://serviceusage.googleapis.com/v1/projects/mk-d-b59f2/services/artifactregistry.googleapis.com 200
[debug] [2023-05-10T22:51:47.802Z] <<< [apiv2][body] GET https://serviceusage.googleapis.com/v1/projects/mk-d-b59f2/services/artifactregistry.googleapis.com [omitted]
[info] +  artifactregistry: required API artifactregistry.googleapis.com is enabled 
[debug] [2023-05-10T22:51:47.804Z] <<< [apiv2][status] GET https://serviceusage.googleapis.com/v1/projects/mk-d-b59f2/services/cloudfunctions.googleapis.com 200
[debug] [2023-05-10T22:51:47.804Z] <<< [apiv2][body] GET https://serviceusage.googleapis.com/v1/projects/mk-d-b59f2/services/cloudfunctions.googleapis.com [omitted]
[info] +  functions: required API cloudfunctions.googleapis.com is enabled 
[debug] [2023-05-10T22:51:47.805Z] >>> [apiv2][query] GET https://firebase.googleapis.com/v1beta1/projects/mk-d-b59f2/adminSdkConfig [none]
[debug] [2023-05-10T22:51:48.079Z] <<< [apiv2][status] GET https://firebase.googleapis.com/v1beta1/projects/mk-d-b59f2/adminSdkConfig 200
[debug] [2023-05-10T22:51:48.079Z] <<< [apiv2][body] GET https://firebase.googleapis.com/v1beta1/projects/mk-d-b59f2/adminSdkConfig {"projectId":"mk-d-b59f2","databaseURL":"https://mk-d-b59f2-default-rtdb.firebaseio.com","storageBucket":"mk-d-b59f2.appspot.com","locationId":"us-central"}
[debug] [2023-05-10T22:51:48.080Z] >>> [apiv2][query] GET https://runtimeconfig.googleapis.com/v1beta1/projects/mk-d-b59f2/configs [none]
[debug] [2023-05-10T22:51:48.429Z] <<< [apiv2][status] GET https://runtimeconfig.googleapis.com/v1beta1/projects/mk-d-b59f2/configs 200
[debug] [2023-05-10T22:51:48.429Z] <<< [apiv2][body] GET https://runtimeconfig.googleapis.com/v1beta1/projects/mk-d-b59f2/configs {}
[debug] [2023-05-10T22:51:48.471Z] Validating nodejs source
[warn] !  functions: package.json indicates an outdated version of firebase-functions. Please upgrade using npm install --save firebase-functions@latest in your functions directory. 
[warn] !  functions: Please note that there will be breaking changes when you upgrade. 
[debug] [2023-05-10T22:51:53.476Z] > [functions] package.json contents: {
  "name": "functions",
  "description": "Cloud Functions for Firebase",
  "scripts": {
    "serve": "firebase emulators:start --only functions",
    "shell": "firebase functions:shell",
    "start": "npm run shell",
    "deploy": "firebase deploy --only functions",
    "logs": "firebase functions:log"
  },
  "engines": {
    "node": "16"
  },
  "main": "index.js",
  "dependencies": {
    "axios": "^0.27.2",
    "cheerio": "^1.0.0-rc.12",
    "csvtojson": "^2.0.10",
    "firebase-admin": "^11.1.0",
    "firebase-functions": "^3.24.1",
    "node-fetch": "^2.6.7",
    "nodemailer": "^6.9.1",
    "scrape-it": "^5.3.2",
    "yahoo-finance2": "^2.4.1"
  },
  "devDependencies": {
    "firebase-functions-test": "^0.2.3"
  },
  "private": true
}
[debug] [2023-05-10T22:51:53.476Z] Building nodejs source
[debug] [2023-05-10T22:51:53.478Z] Could not find functions.yaml. Must use http discovery
[debug] [2023-05-10T22:51:53.494Z] Found firebase-functions binary at 'C:\dev\mk-dashboard\functions\node_modules\.bin\firebase-functions'
[debug] [2023-05-10T22:51:54.292Z] Serving at port 8470

[debug] [2023-05-10T22:51:58.524Z] Got response from /__/functions.yaml {"endpoints":{"fintech":{"platform":"gcfv1","httpsTrigger":{},"entryPoint":"fintech"},"jobadmin":{"platform":"gcfv1","httpsTrigger":{},"entryPoint":"jobadmin"},"scheduledFunction":{"platform":"gcfv1","scheduleTrigger":{"schedule":"0 8-17 * * 1-5","timeZone":"Europe/London"},"labels":{},"entryPoint":"scheduledFunction"}},"specVersion":"v1alpha1","requiredAPIs":[{"api":"cloudscheduler.googleapis.com","reason":"Needed for scheduled functions."}]}
[debug] [2023-05-10T22:51:58.535Z] shutdown requested via /__/quitquitquit

[info] i  functions: preparing functions directory for uploading... 
[info] i  functions: packaged C:\dev\mk-dashboard\functions (382.08 KB) for uploading 
[debug] [2023-05-10T22:51:58.699Z] >>> [apiv2][query] GET https://cloudfunctions.googleapis.com/v1/projects/mk-d-b59f2/locations/-/functions [none]
[debug] [2023-05-10T22:51:59.232Z] <<< [apiv2][status] GET https://cloudfunctions.googleapis.com/v1/projects/mk-d-b59f2/locations/-/functions 200
[debug] [2023-05-10T22:51:59.232Z] <<< [apiv2][body] GET https://cloudfunctions.googleapis.com/v1/projects/mk-d-b59f2/locations/-/functions {"functions":[{"name":"projects/mk-d-b59f2/locations/us-central1/functions/fintech","httpsTrigger":{"url":"https://us-central1-mk-d-b59f2.cloudfunctions.net/fintech","securityLevel":"SECURE_ALWAYS"},"status":"ACTIVE","entryPoint":"fintech","timeout":"60s","availableMemoryMb":256,"serviceAccountEmail":"mk-d-b59f2@appspot.gserviceaccount.com","updateTime":"2023-05-10T22:47:32.303Z","versionId":"183","labels":{"deployment-tool":"cli-firebase","firebase-functions-hash":"ebc75007b11d60840ec89775454a3dda6d6151b9"},"sourceUploadUrl":"https://storage.googleapis.com/uploads-249364975428.us-central1.cloudfunctions.appspot.com/1bf50683-d1ce-402e-961a-c8c182c2c008.zip","environmentVariables":{"FIREBASE_CONFIG":"{\"projectId\":\"mk-d-b59f2\",\"databaseURL\":\"https://mk-d-b59f2-default-rtdb.firebaseio.com\",\"storageBucket\":\"mk-d-b59f2.appspot.com\",\"locationId\":\"us-central\"}","GCLOUD_PROJECT":"mk-d-b59f2","EVENTARC_CLOUD_EVENT_SOURCE":"projects/mk-d-b59f2/locations/us-central1/functions/fintech"},"runtime":"nodejs16","ingressSettings":"ALLOW_ALL","buildId":"35440584-c658-44a7-86aa-ccb3af124958","buildEnvironmentVariables":{"GOOGLE_NODE_RUN_SCRIPTS":""},"buildName":"projects/6240069269/locations/us-central1/builds/35440584-c658-44a7-86aa-ccb3af124958","dockerRegistry":"ARTIFACT_REGISTRY"},{"name":"projects/mk-d-b59f2/locations/us-central1/functions/jobadmin","httpsTrigger":{"url":"https://us-central1-mk-d-b59f2.cloudfunctions.net/jobadmin","securityLevel":"SECURE_ALWAYS"},"status":"ACTIVE","entryPoint":"jobadmin","timeout":"60s","availableMemoryMb":256,"serviceAccountEmail":"mk-d-b59f2@appspot.gserviceaccount.com","updateTime":"2023-05-10T22:47:39.336Z","versionId":"48","labels":{"deployment-tool":"cli-firebase","firebase-functions-hash":"ebc75007b11d60840ec89775454a3dda6d6151b9"},"sourceUploadUrl":"https://storage.googleapis.com/uploads-249364975428.us-central1.cloudfunctions.appspot.com/1bf50683-d1ce-402e-961a-c8c182c2c008.zip","environmentVariables":{"FIREBASE_CONFIG":"{\"projectId\":\"mk-d-b59f2\",\"databaseURL\":\"https://mk-d-b59f2-default-rtdb.firebaseio.com\",\"storageBucket\":\"mk-d-b59f2.appspot.com\",\"locationId\":\"us-central\"}","GCLOUD_PROJECT":"mk-d-b59f2","EVENTARC_CLOUD_EVENT_SOURCE":"projects/mk-d-b59f2/locations/us-central1/functions/jobadmin"},"runtime":"nodejs16","ingressSettings":"ALLOW_ALL","buildId":"35440584-c658-44a7-86aa-ccb3af124958","buildEnvironmentVariables":{"GOOGLE_NODE_RUN_SCRIPTS":""},"buildName":"projects/6240069269/locations/us-central1/builds/35440584-c658-44a7-86aa-ccb3af124958","dockerRegistry":"ARTIFACT_REGISTRY"},{"name":"projects/mk-d-b59f2/locations/us-central1/functions/scheduledFunction","eventTrigger":{"eventType":"google.pubsub.topic.publish","resource":"projects/mk-d-b59f2/topics/firebase-schedule-scheduledFunction-us-central1","service":"pubsub.googleapis.com","failurePolicy":{}},"status":"ACTIVE","entryPoint":"scheduledFunction","timeout":"60s","availableMemoryMb":256,"serviceAccountEmail":"mk-d-b59f2@appspot.gserviceaccount.com","updateTime":"2023-05-10T22:47:39.571Z","versionId":"62","labels":{"deployment-tool":"cli-firebase","deployment-scheduled":"true","firebase-functions-hash":"ebc75007b11d60840ec89775454a3dda6d6151b9"},"sourceUploadUrl":"https://storage.googleapis.com/uploads-249364975428.us-central1.cloudfunctions.appspot.com/1bf50683-d1ce-402e-961a-c8c182c2c008.zip","environmentVariables":{"FIREBASE_CONFIG":"{\"projectId\":\"mk-d-b59f2\",\"databaseURL\":\"https://mk-d-b59f2-default-rtdb.firebaseio.com\",\"storageBucket\":\"mk-d-b59f2.appspot.com\",\"locationId\":\"us-central\"}","GCLOUD_PROJECT":"mk-d-b59f2","EVENTARC_CLOUD_EVENT_SOURCE":"projects/mk-d-b59f2/locations/us-central1/functions/scheduledFunction"},"runtime":"nodejs16","maxInstances":3000,"ingressSettings":"ALLOW_ALL","buildId":"35440584-c658-44a7-86aa-ccb3af124958","buildEnvironmentVariables":{"GOOGLE_NODE_RUN_SCRIPTS":""},"buildName":"projects/6240069269/locations/us-central1/builds/35440584-c658-44a7-86aa-ccb3af124958","dockerRegistry":"ARTIFACT_REGISTRY"}]}
[debug] [2023-05-10T22:51:59.235Z] >>> [apiv2][query] GET https://cloudfunctions.googleapis.com/v2/projects/mk-d-b59f2/locations/-/functions filter=environment%3D%22GEN_2%22
[debug] [2023-05-10T22:52:00.225Z] <<< [apiv2][status] GET https://cloudfunctions.googleapis.com/v2/projects/mk-d-b59f2/locations/-/functions 200
[debug] [2023-05-10T22:52:00.225Z] <<< [apiv2][body] GET https://cloudfunctions.googleapis.com/v2/projects/mk-d-b59f2/locations/-/functions {}
[info] i  functions: ensuring required API cloudscheduler.googleapis.com is enabled... 
[debug] [2023-05-10T22:52:00.233Z] >>> [apiv2][query] GET https://serviceusage.googleapis.com/v1/projects/mk-d-b59f2/services/cloudscheduler.googleapis.com [none]
[debug] [2023-05-10T22:52:00.233Z] >>> [apiv2][(partial)header] GET https://serviceusage.googleapis.com/v1/projects/mk-d-b59f2/services/cloudscheduler.googleapis.com x-goog-quota-user=projects/mk-d-b59f2
[debug] [2023-05-10T22:52:01.103Z] <<< [apiv2][status] GET https://serviceusage.googleapis.com/v1/projects/mk-d-b59f2/services/cloudscheduler.googleapis.com 200
[debug] [2023-05-10T22:52:01.103Z] <<< [apiv2][body] GET https://serviceusage.googleapis.com/v1/projects/mk-d-b59f2/services/cloudscheduler.googleapis.com [omitted]
[info] +  functions: required API cloudscheduler.googleapis.com is enabled 
[debug] [2023-05-10T22:52:01.126Z] >>> [apiv2][query] GET https://firebase.googleapis.com/v1beta1/projects/mk-d-b59f2 [none]
[debug] [2023-05-10T22:52:01.376Z] <<< [apiv2][status] GET https://firebase.googleapis.com/v1beta1/projects/mk-d-b59f2 200
[debug] [2023-05-10T22:52:01.376Z] <<< [apiv2][body] GET https://firebase.googleapis.com/v1beta1/projects/mk-d-b59f2 {"projectId":"mk-d-b59f2","projectNumber":"6240069269","displayName":"mk-d-b59f2","name":"projects/mk-d-b59f2","resources":{"hostingSite":"mk-d-b59f2","realtimeDatabaseInstance":"mk-d-b59f2-default-rtdb","storageBucket":"mk-d-b59f2.appspot.com","locationId":"us-central"},"state":"ACTIVE","etag":"1_2e47cb8c-2d0e-4654-b341-76d51c761254"}
[debug] [2023-05-10T22:52:01.379Z] >>> [apiv2][query] POST https://cloudfunctions.googleapis.com/v1/projects/mk-d-b59f2/locations/us-central1/functions:generateUploadUrl [none]
[debug] [2023-05-10T22:52:01.379Z] >>> [apiv2][body] POST https://cloudfunctions.googleapis.com/v1/projects/mk-d-b59f2/locations/us-central1/functions:generateUploadUrl {}
[debug] [2023-05-10T22:52:01.975Z] <<< [apiv2][status] POST https://cloudfunctions.googleapis.com/v1/projects/mk-d-b59f2/locations/us-central1/functions:generateUploadUrl 200
[debug] [2023-05-10T22:52:01.975Z] <<< [apiv2][body] POST https://cloudfunctions.googleapis.com/v1/projects/mk-d-b59f2/locations/us-central1/functions:generateUploadUrl {"uploadUrl":"https://storage.googleapis.com/uploads-249364975428.us-central1.cloudfunctions.appspot.com/60dbe8b4-9e08-4460-b121-0683ed7071a3.zip?GoogleAccessId=service-6240069269@gcf-admin-robot.iam.gserviceaccount.com&Expires=1683760922&Signature=CGHubOzH9ks0hX7sbC6SlVnCS%2FuJhhmXpuiy0YaZ0cXWiHRNdDva9DqquqTFIYA%2BOJSTsdkabuert%2BsID0JOLjXgptPwjFxXrhqPLROUNCuhHcpxLQFdqTzn7pQs%2BT6v0ZBhPtYENnq7xV2T6cnbjMVE1Bn1lVU4LglBMf01jkN21JprvUc0bwXb5qrXnoi2KpOKUVX1z4VjB%2F2xdvmIvtSfs8ZznVQcOcYqCuBaMGQWbjN%2FflK9aOlHFeQoE5pVXN7aQii7aocOEhRObkqSS4BexDvhFcSzK0HXHZ56nRHx1aySyZQdQVnzVoIGc5huP%2FPKdJ8U88dm8p5BZ0l73g%3D%3D"}
[debug] [2023-05-10T22:52:01.976Z] >>> [apiv2][query] PUT https://storage.googleapis.com/uploads-249364975428.us-central1.cloudfunctions.appspot.com/60dbe8b4-9e08-4460-b121-0683ed7071a3.zip GoogleAccessId=service-6240069269%40gcf-admin-robot.iam.gserviceaccount.com&Expires=1683760922&Signature=CGHubOzH9ks0hX7sbC6SlVnCS%2FuJhhmXpuiy0YaZ0cXWiHRNdDva9DqquqTFIYA%2BOJSTsdkabuert%2BsID0JOLjXgptPwjFxXrhqPLROUNCuhHcpxLQFdqTzn7pQs%2BT6v0ZBhPtYENnq7xV2T6cnbjMVE1Bn1lVU4LglBMf01jkN21JprvUc0bwXb5qrXnoi2KpOKUVX1z4VjB%2F2xdvmIvtSfs8ZznVQcOcYqCuBaMGQWbjN%2FflK9aOlHFeQoE5pVXN7aQii7aocOEhRObkqSS4BexDvhFcSzK0HXHZ56nRHx1aySyZQdQVnzVoIGc5huP%2FPKdJ8U88dm8p5BZ0l73g%3D%3D
[debug] [2023-05-10T22:52:01.976Z] >>> [apiv2][body] PUT https://storage.googleapis.com/uploads-249364975428.us-central1.cloudfunctions.appspot.com/60dbe8b4-9e08-4460-b121-0683ed7071a3.zip [stream]
[debug] [2023-05-10T22:52:02.876Z] <<< [apiv2][status] PUT https://storage.googleapis.com/uploads-249364975428.us-central1.cloudfunctions.appspot.com/60dbe8b4-9e08-4460-b121-0683ed7071a3.zip 200
[debug] [2023-05-10T22:52:02.877Z] <<< [apiv2][body] PUT https://storage.googleapis.com/uploads-249364975428.us-central1.cloudfunctions.appspot.com/60dbe8b4-9e08-4460-b121-0683ed7071a3.zip [omitted]
[info] +  functions: functions folder uploaded successfully 
[info] i  functions: updating Node.js 16 function fintech(us-central1)... 
[info] i  functions: updating Node.js 16 function jobadmin(us-central1)... 
[info] i  functions: updating Node.js 16 function scheduledFunction(us-central1)... 
[debug] [2023-05-10T22:52:02.887Z] >>> [apiv2][query] PATCH https://cloudfunctions.googleapis.com/v1/projects/mk-d-b59f2/locations/us-central1/functions/fintech updateMask=name%2CsourceUploadUrl%2CentryPoint%2Cruntime%2CdockerRegistry%2Clabels%2ChttpsTrigger.securityLevel%2CenvironmentVariables%2CavailableMemoryMb%2CsourceToken%2CbuildEnvironmentVariables
[debug] [2023-05-10T22:52:02.887Z] >>> [apiv2][body] PATCH https://cloudfunctions.googleapis.com/v1/projects/mk-d-b59f2/locations/us-central1/functions/fintech {"name":"projects/mk-d-b59f2/locations/us-central1/functions/fintech","sourceUploadUrl":"https://storage.googleapis.com/uploads-249364975428.us-central1.cloudfunctions.appspot.com/60dbe8b4-9e08-4460-b121-0683ed7071a3.zip?GoogleAccessId=service-6240069269@gcf-admin-robot.iam.gserviceaccount.com&Expires=1683760922&Signature=CGHubOzH9ks0hX7sbC6SlVnCS%2FuJhhmXpuiy0YaZ0cXWiHRNdDva9DqquqTFIYA%2BOJSTsdkabuert%2BsID0JOLjXgptPwjFxXrhqPLROUNCuhHcpxLQFdqTzn7pQs%2BT6v0ZBhPtYENnq7xV2T6cnbjMVE1Bn1lVU4LglBMf01jkN21JprvUc0bwXb5qrXnoi2KpOKUVX1z4VjB%2F2xdvmIvtSfs8ZznVQcOcYqCuBaMGQWbjN%2FflK9aOlHFeQoE5pVXN7aQii7aocOEhRObkqSS4BexDvhFcSzK0HXHZ56nRHx1aySyZQdQVnzVoIGc5huP%2FPKdJ8U88dm8p5BZ0l73g%3D%3D","entryPoint":"fintech","runtime":"nodejs16","dockerRegistry":"ARTIFACT_REGISTRY","labels":{"deployment-tool":"cli-firebase","firebase-functions-hash":"fb27c523beb47b1cb56c7c9b4ffae6525d51d02c"},"httpsTrigger":{"securityLevel":"SECURE_ALWAYS"},"environmentVariables":{"FIREBASE_CONFIG":"{\"projectId\":\"mk-d-b59f2\",\"databaseURL\":\"https://mk-d-b59f2-default-rtdb.firebaseio.com\",\"storageBucket\":\"mk-d-b59f2.appspot.com\",\"locationId\":\"us-central\"}","GCLOUD_PROJECT":"mk-d-b59f2","EVENTARC_CLOUD_EVENT_SOURCE":"projects/mk-d-b59f2/locations/us-central1/functions/fintech"},"availableMemoryMb":256,"buildEnvironmentVariables":{"GOOGLE_NODE_RUN_SCRIPTS":""}}
[debug] [2023-05-10T22:52:03.357Z] <<< [apiv2][status] PATCH https://cloudfunctions.googleapis.com/v1/projects/mk-d-b59f2/locations/us-central1/functions/fintech 200
[debug] [2023-05-10T22:52:03.358Z] <<< [apiv2][body] PATCH https://cloudfunctions.googleapis.com/v1/projects/mk-d-b59f2/locations/us-central1/functions/fintech {"name":"operations/bWstZC1iNTlmMi91cy1jZW50cmFsMS9maW50ZWNoLzBQRlg4d1ZwZFpr","metadata":{"@type":"type.googleapis.com/google.cloud.functions.v1.OperationMetadataV1","target":"projects/mk-d-b59f2/locations/us-central1/functions/fintech","type":"UPDATE_FUNCTION","request":{"@type":"type.googleapis.com/google.cloud.functions.v1.CloudFunction","name":"projects/mk-d-b59f2/locations/us-central1/functions/fintech","httpsTrigger":{"url":"https://us-central1-mk-d-b59f2.cloudfunctions.net/fintech","securityLevel":"SECURE_ALWAYS"},"status":"ACTIVE","entryPoint":"fintech","timeout":"60s","availableMemoryMb":256,"serviceAccountEmail":"mk-d-b59f2@appspot.gserviceaccount.com","updateTime":"2023-05-10T22:47:32.303Z","versionId":"183","labels":{"deployment-tool":"cli-firebase","firebase-functions-hash":"fb27c523beb47b1cb56c7c9b4ffae6525d51d02c"},"sourceUploadUrl":"https://storage.googleapis.com/uploads-249364975428.us-central1.cloudfunctions.appspot.com/60dbe8b4-9e08-4460-b121-0683ed7071a3.zip?GoogleAccessId=service-6240069269@gcf-admin-robot.iam.gserviceaccount.com&Expires=1683760922&Signature=CGHubOzH9ks0hX7sbC6SlVnCS%2FuJhhmXpuiy0YaZ0cXWiHRNdDva9DqquqTFIYA%2BOJSTsdkabuert%2BsID0JOLjXgptPwjFxXrhqPLROUNCuhHcpxLQFdqTzn7pQs%2BT6v0ZBhPtYENnq7xV2T6cnbjMVE1Bn1lVU4LglBMf01jkN21JprvUc0bwXb5qrXnoi2KpOKUVX1z4VjB%2F2xdvmIvtSfs8ZznVQcOcYqCuBaMGQWbjN%2FflK9aOlHFeQoE5pVXN7aQii7aocOEhRObkqSS4BexDvhFcSzK0HXHZ56nRHx1aySyZQdQVnzVoIGc5huP%2FPKdJ8U88dm8p5BZ0l73g%3D%3D","environmentVariables":{"FIREBASE_CONFIG":"{\"projectId\":\"mk-d-b59f2\",\"databaseURL\":\"https://mk-d-b59f2-default-rtdb.firebaseio.com\",\"storageBucket\":\"mk-d-b59f2.appspot.com\",\"locationId\":\"us-central\"}","GCLOUD_PROJECT":"mk-d-b59f2","EVENTARC_CLOUD_EVENT_SOURCE":"projects/mk-d-b59f2/locations/us-central1/functions/fintech"},"runtime":"nodejs16","ingressSettings":"ALLOW_ALL","buildId":"35440584-c658-44a7-86aa-ccb3af124958","buildEnvironmentVariables":{"GOOGLE_NODE_RUN_SCRIPTS":""},"buildName":"projects/6240069269/locations/us-central1/builds/35440584-c658-44a7-86aa-ccb3af124958","dockerRegistry":"ARTIFACT_REGISTRY"},"versionId":"184","updateTime":"2023-05-10T22:52:03Z"}}
[debug] [2023-05-10T22:52:03.359Z] >>> [apiv2][query] GET https://cloudfunctions.googleapis.com/v1/operations/bWstZC1iNTlmMi91cy1jZW50cmFsMS9maW50ZWNoLzBQRlg4d1ZwZFpr [none]
[debug] [2023-05-10T22:52:03.606Z] <<< [apiv2][status] GET https://cloudfunctions.googleapis.com/v1/operations/bWstZC1iNTlmMi91cy1jZW50cmFsMS9maW50ZWNoLzBQRlg4d1ZwZFpr 200
[debug] [2023-05-10T22:52:03.606Z] <<< [apiv2][body] GET https://cloudfunctions.googleapis.com/v1/operations/bWstZC1iNTlmMi91cy1jZW50cmFsMS9maW50ZWNoLzBQRlg4d1ZwZFpr {"name":"operations/bWstZC1iNTlmMi91cy1jZW50cmFsMS9maW50ZWNoLzBQRlg4d1ZwZFpr","metadata":{"@type":"type.googleapis.com/google.cloud.functions.v1.OperationMetadataV1","target":"projects/mk-d-b59f2/locations/us-central1/functions/fintech","type":"UPDATE_FUNCTION","request":{"@type":"type.googleapis.com/google.cloud.functions.v1.CloudFunction","name":"projects/mk-d-b59f2/locations/us-central1/functions/fintech","httpsTrigger":{"url":"https://us-central1-mk-d-b59f2.cloudfunctions.net/fintech","securityLevel":"SECURE_ALWAYS"},"status":"ACTIVE","entryPoint":"fintech","timeout":"60s","availableMemoryMb":256,"serviceAccountEmail":"mk-d-b59f2@appspot.gserviceaccount.com","updateTime":"2023-05-10T22:47:32.303Z","versionId":"183","labels":{"deployment-tool":"cli-firebase","firebase-functions-hash":"fb27c523beb47b1cb56c7c9b4ffae6525d51d02c"},"sourceUploadUrl":"https://storage.googleapis.com/uploads-249364975428.us-central1.cloudfunctions.appspot.com/60dbe8b4-9e08-4460-b121-0683ed7071a3.zip?GoogleAccessId=service-6240069269@gcf-admin-robot.iam.gserviceaccount.com&Expires=1683760922&Signature=CGHubOzH9ks0hX7sbC6SlVnCS%2FuJhhmXpuiy0YaZ0cXWiHRNdDva9DqquqTFIYA%2BOJSTsdkabuert%2BsID0JOLjXgptPwjFxXrhqPLROUNCuhHcpxLQFdqTzn7pQs%2BT6v0ZBhPtYENnq7xV2T6cnbjMVE1Bn1lVU4LglBMf01jkN21JprvUc0bwXb5qrXnoi2KpOKUVX1z4VjB%2F2xdvmIvtSfs8ZznVQcOcYqCuBaMGQWbjN%2FflK9aOlHFeQoE5pVXN7aQii7aocOEhRObkqSS4BexDvhFcSzK0HXHZ56nRHx1aySyZQdQVnzVoIGc5huP%2FPKdJ8U88dm8p5BZ0l73g%3D%3D","environmentVariables":{"FIREBASE_CONFIG":"{\"projectId\":\"mk-d-b59f2\",\"databaseURL\":\"https://mk-d-b59f2-default-rtdb.firebaseio.com\",\"storageBucket\":\"mk-d-b59f2.appspot.com\",\"locationId\":\"us-central\"}","GCLOUD_PROJECT":"mk-d-b59f2","EVENTARC_CLOUD_EVENT_SOURCE":"projects/mk-d-b59f2/locations/us-central1/functions/fintech"},"runtime":"nodejs16","ingressSettings":"ALLOW_ALL","buildId":"35440584-c658-44a7-86aa-ccb3af124958","buildEnvironmentVariables":{"GOOGLE_NODE_RUN_SCRIPTS":""},"buildName":"projects/6240069269/locations/us-central1/builds/35440584-c658-44a7-86aa-ccb3af124958","dockerRegistry":"ARTIFACT_REGISTRY"},"versionId":"184","updateTime":"2023-05-10T22:52:04Z"}}
[debug] [2023-05-10T22:52:04.110Z] [update-default-us-central1-fintech] Retrying task index 0
[debug] [2023-05-10T22:52:04.110Z] >>> [apiv2][query] GET https://cloudfunctions.googleapis.com/v1/operations/bWstZC1iNTlmMi91cy1jZW50cmFsMS9maW50ZWNoLzBQRlg4d1ZwZFpr [none]
[debug] [2023-05-10T22:52:04.370Z] <<< [apiv2][status] GET https://cloudfunctions.googleapis.com/v1/operations/bWstZC1iNTlmMi91cy1jZW50cmFsMS9maW50ZWNoLzBQRlg4d1ZwZFpr 200
[debug] [2023-05-10T22:52:04.370Z] <<< [apiv2][body] GET https://cloudfunctions.googleapis.com/v1/operations/bWstZC1iNTlmMi91cy1jZW50cmFsMS9maW50ZWNoLzBQRlg4d1ZwZFpr {"name":"operations/bWstZC1iNTlmMi91cy1jZW50cmFsMS9maW50ZWNoLzBQRlg4d1ZwZFpr","metadata":{"@type":"type.googleapis.com/google.cloud.functions.v1.OperationMetadataV1","target":"projects/mk-d-b59f2/locations/us-central1/functions/fintech","type":"UPDATE_FUNCTION","request":{"@type":"type.googleapis.com/google.cloud.functions.v1.CloudFunction","name":"projects/mk-d-b59f2/locations/us-central1/functions/fintech","httpsTrigger":{"url":"https://us-central1-mk-d-b59f2.cloudfunctions.net/fintech","securityLevel":"SECURE_ALWAYS"},"status":"ACTIVE","entryPoint":"fintech","timeout":"60s","availableMemoryMb":256,"serviceAccountEmail":"mk-d-b59f2@appspot.gserviceaccount.com","updateTime":"2023-05-10T22:47:32.303Z","versionId":"183","labels":{"deployment-tool":"cli-firebase","firebase-functions-hash":"fb27c523beb47b1cb56c7c9b4ffae6525d51d02c"},"sourceUploadUrl":"https://storage.googleapis.com/uploads-249364975428.us-central1.cloudfunctions.appspot.com/60dbe8b4-9e08-4460-b121-0683ed7071a3.zip?GoogleAccessId=service-6240069269@gcf-admin-robot.iam.gserviceaccount.com&Expires=1683760922&Signature=CGHubOzH9ks0hX7sbC6SlVnCS%2FuJhhmXpuiy0YaZ0cXWiHRNdDva9DqquqTFIYA%2BOJSTsdkabuert%2BsID0JOLjXgptPwjFxXrhqPLROUNCuhHcpxLQFdqTzn7pQs%2BT6v0ZBhPtYENnq7xV2T6cnbjMVE1Bn1lVU4LglBMf01jkN21JprvUc0bwXb5qrXnoi2KpOKUVX1z4VjB%2F2xdvmIvtSfs8ZznVQcOcYqCuBaMGQWbjN%2FflK9aOlHFeQoE5pVXN7aQii7aocOEhRObkqSS4BexDvhFcSzK0HXHZ56nRHx1aySyZQdQVnzVoIGc5huP%2FPKdJ8U88dm8p5BZ0l73g%3D%3D","environmentVariables":{"FIREBASE_CONFIG":"{\"projectId\":\"mk-d-b59f2\",\"databaseURL\":\"https://mk-d-b59f2-default-rtdb.firebaseio.com\",\"storageBucket\":\"mk-d-b59f2.appspot.com\",\"locationId\":\"us-central\"}","GCLOUD_PROJECT":"mk-d-b59f2","EVENTARC_CLOUD_EVENT_SOURCE":"projects/mk-d-b59f2/locations/us-central1/functions/fintech"},"runtime":"nodejs16","ingressSettings":"ALLOW_ALL","buildId":"35440584-c658-44a7-86aa-ccb3af124958","buildEnvironmentVariables":{"GOOGLE_NODE_RUN_SCRIPTS":""},"buildName":"projects/6240069269/locations/us-central1/builds/35440584-c658-44a7-86aa-ccb3af124958","dockerRegistry":"ARTIFACT_REGISTRY"},"versionId":"184","updateTime":"2023-05-10T22:52:04Z","buildId":"c9b187d8-74b9-4640-b7b6-a362475decef","buildName":"projects/6240069269/locations/us-central1/builds/c9b187d8-74b9-4640-b7b6-a362475decef"}}
[debug] [2023-05-10T22:52:05.380Z] [update-default-us-central1-fintech] Retrying task index 0
[debug] [2023-05-10T22:52:05.380Z] >>> [apiv2][query] GET https://cloudfunctions.googleapis.com/v1/operations/bWstZC1iNTlmMi91cy1jZW50cmFsMS9maW50ZWNoLzBQRlg4d1ZwZFpr [none]
[debug] [2023-05-10T22:52:05.621Z] <<< [apiv2][status] GET https://cloudfunctions.googleapis.com/v1/operations/bWstZC1iNTlmMi91cy1jZW50cmFsMS9maW50ZWNoLzBQRlg4d1ZwZFpr 200
[debug] [2023-05-10T22:52:05.622Z] <<< [apiv2][body] GET https://cloudfunctions.googleapis.com/v1/operations/bWstZC1iNTlmMi91cy1jZW50cmFsMS9maW50ZWNoLzBQRlg4d1ZwZFpr {"name":"operations/bWstZC1iNTlmMi91cy1jZW50cmFsMS9maW50ZWNoLzBQRlg4d1ZwZFpr","metadata":{"@type":"type.googleapis.com/google.cloud.functions.v1.OperationMetadataV1","target":"projects/mk-d-b59f2/locations/us-central1/functions/fintech","type":"UPDATE_FUNCTION","request":{"@type":"type.googleapis.com/google.cloud.functions.v1.CloudFunction","name":"projects/mk-d-b59f2/locations/us-central1/functions/fintech","httpsTrigger":{"url":"https://us-central1-mk-d-b59f2.cloudfunctions.net/fintech","securityLevel":"SECURE_ALWAYS"},"status":"ACTIVE","entryPoint":"fintech","timeout":"60s","availableMemoryMb":256,"serviceAccountEmail":"mk-d-b59f2@appspot.gserviceaccount.com","updateTime":"2023-05-10T22:47:32.303Z","versionId":"183","labels":{"deployment-tool":"cli-firebase","firebase-functions-hash":"fb27c523beb47b1cb56c7c9b4ffae6525d51d02c"},"sourceUploadUrl":"https://storage.googleapis.com/uploads-249364975428.us-central1.cloudfunctions.appspot.com/60dbe8b4-9e08-4460-b121-0683ed7071a3.zip?GoogleAccessId=service-6240069269@gcf-admin-robot.iam.gserviceaccount.com&Expires=1683760922&Signature=CGHubOzH9ks0hX7sbC6SlVnCS%2FuJhhmXpuiy0YaZ0cXWiHRNdDva9DqquqTFIYA%2BOJSTsdkabuert%2BsID0JOLjXgptPwjFxXrhqPLROUNCuhHcpxLQFdqTzn7pQs%2BT6v0ZBhPtYENnq7xV2T6cnbjMVE1Bn1lVU4LglBMf01jkN21JprvUc0bwXb5qrXnoi2KpOKUVX1z4VjB%2F2xdvmIvtSfs8ZznVQcOcYqCuBaMGQWbjN%2FflK9aOlHFeQoE5pVXN7aQii7aocOEhRObkqSS4BexDvhFcSzK0HXHZ56nRHx1aySyZQdQVnzVoIGc5huP%2FPKdJ8U88dm8p5BZ0l73g%3D%3D","environmentVariables":{"FIREBASE_CONFIG":"{\"projectId\":\"mk-d-b59f2\",\"databaseURL\":\"https://mk-d-b59f2-default-rtdb.firebaseio.com\",\"storageBucket\":\"mk-d-b59f2.appspot.com\",\"locationId\":\"us-central\"}","GCLOUD_PROJECT":"mk-d-b59f2","EVENTARC_CLOUD_EVENT_SOURCE":"projects/mk-d-b59f2/locations/us-central1/functions/fintech"},"runtime":"nodejs16","ingressSettings":"ALLOW_ALL","buildId":"35440584-c658-44a7-86aa-ccb3af124958","buildEnvironmentVariables":{"GOOGLE_NODE_RUN_SCRIPTS":""},"buildName":"projects/6240069269/locations/us-central1/builds/35440584-c658-44a7-86aa-ccb3af124958","dockerRegistry":"ARTIFACT_REGISTRY"},"versionId":"184","updateTime":"2023-05-10T22:52:04Z","buildId":"c9b187d8-74b9-4640-b7b6-a362475decef","buildName":"projects/6240069269/locations/us-central1/builds/c9b187d8-74b9-4640-b7b6-a362475decef"}}
